{"/Users/Haven/Github/examples/18 - Test Driven Development/spec/CalculatorSpec.js":{"path":"/Users/Haven/Github/examples/18 - Test Driven Development/spec/CalculatorSpec.js","s":{"1":1,"2":0,"3":0,"4":0,"5":0,"6":0,"7":0,"8":0,"9":0,"10":0,"11":0,"12":0,"13":0,"14":0,"15":0,"16":0,"17":0,"18":0,"19":0,"20":0,"21":0},"b":{},"f":{"1":0,"2":0,"3":0,"4":0,"5":0,"6":0,"7":0,"8":0,"9":0,"10":0,"11":0,"12":0},"fnMap":{"1":{"name":"(anonymous_1)","line":1,"loc":{"start":{"line":1,"column":30},"end":{"line":1,"column":41}}},"2":{"name":"(anonymous_2)","line":2,"loc":{"start":{"line":2,"column":36},"end":{"line":2,"column":47}}},"3":{"name":"(anonymous_3)","line":6,"loc":{"start":{"line":6,"column":42},"end":{"line":6,"column":53}}},"4":{"name":"(anonymous_4)","line":10,"loc":{"start":{"line":10,"column":47},"end":{"line":10,"column":58}}},"5":{"name":"(anonymous_5)","line":14,"loc":{"start":{"line":14,"column":43},"end":{"line":14,"column":54}}},"6":{"name":"(anonymous_6)","line":19,"loc":{"start":{"line":19,"column":55},"end":{"line":19,"column":66}}},"7":{"name":"(anonymous_7)","line":20,"loc":{"start":{"line":20,"column":15},"end":{"line":20,"column":26}}},"8":{"name":"(anonymous_8)","line":26,"loc":{"start":{"line":26,"column":55},"end":{"line":26,"column":66}}},"9":{"name":"(anonymous_9)","line":27,"loc":{"start":{"line":27,"column":15},"end":{"line":27,"column":26}}},"10":{"name":"(anonymous_10)","line":32,"loc":{"start":{"line":32,"column":59},"end":{"line":32,"column":70}}},"11":{"name":"(anonymous_11)","line":33,"loc":{"start":{"line":33,"column":15},"end":{"line":33,"column":26}}},"12":{"name":"(anonymous_12)","line":38,"loc":{"start":{"line":38,"column":48},"end":{"line":38,"column":59}}}},"statementMap":{"1":{"start":{"line":1,"column":0},"end":{"line":41,"column":2}},"2":{"start":{"line":2,"column":4},"end":{"line":4,"column":7}},"3":{"start":{"line":3,"column":8},"end":{"line":3,"column":41}},"4":{"start":{"line":6,"column":4},"end":{"line":8,"column":7}},"5":{"start":{"line":7,"column":8},"end":{"line":7,"column":45}},"6":{"start":{"line":10,"column":4},"end":{"line":12,"column":7}},"7":{"start":{"line":11,"column":8},"end":{"line":11,"column":50}},"8":{"start":{"line":14,"column":4},"end":{"line":17,"column":7}},"9":{"start":{"line":15,"column":8},"end":{"line":15,"column":48}},"10":{"start":{"line":16,"column":8},"end":{"line":16,"column":54}},"11":{"start":{"line":19,"column":4},"end":{"line":23,"column":7}},"12":{"start":{"line":20,"column":8},"end":{"line":22,"column":42}},"13":{"start":{"line":21,"column":12},"end":{"line":21,"column":29}},"14":{"start":{"line":26,"column":4},"end":{"line":30,"column":7}},"15":{"start":{"line":27,"column":8},"end":{"line":29,"column":42}},"16":{"start":{"line":28,"column":12},"end":{"line":28,"column":34}},"17":{"start":{"line":32,"column":4},"end":{"line":36,"column":7}},"18":{"start":{"line":33,"column":8},"end":{"line":35,"column":40}},"19":{"start":{"line":34,"column":12},"end":{"line":34,"column":46}},"20":{"start":{"line":38,"column":4},"end":{"line":40,"column":7}},"21":{"start":{"line":39,"column":8},"end":{"line":39,"column":54}}},"branchMap":{}}}