TN:
SF:/Users/Haven/Github/examples/18 - Test Driven Development/spec/CalculatorSpec.js
FN:1,(anonymous_1)
FN:2,(anonymous_2)
FN:6,(anonymous_3)
FN:10,(anonymous_4)
FN:14,(anonymous_5)
FN:19,(anonymous_6)
FN:20,(anonymous_7)
FN:26,(anonymous_8)
FN:27,(anonymous_9)
FN:32,(anonymous_10)
FN:33,(anonymous_11)
FN:38,(anonymous_12)
FNF:12
FNH:0
FNDA:0,(anonymous_1)
FNDA:0,(anonymous_2)
FNDA:0,(anonymous_3)
FNDA:0,(anonymous_4)
FNDA:0,(anonymous_5)
FNDA:0,(anonymous_6)
FNDA:0,(anonymous_7)
FNDA:0,(anonymous_8)
FNDA:0,(anonymous_9)
FNDA:0,(anonymous_10)
FNDA:0,(anonymous_11)
FNDA:0,(anonymous_12)
DA:1,1
DA:2,0
DA:3,0
DA:6,0
DA:7,0
DA:10,0
DA:11,0
DA:14,0
DA:15,0
DA:16,0
DA:19,0
DA:20,0
DA:21,0
DA:26,0
DA:27,0
DA:28,0
DA:32,0
DA:33,0
DA:34,0
DA:38,0
DA:39,0
LF:21
LH:1
BRF:0
BRH:0
end_of_record
